[0.497s] DEBUG:colcon:Command line arguments: ['/usr/bin/colcon', 'build']
[0.497s] DEBUG:colcon:Parsed command line arguments: Namespace(log_base=None, log_level=None, verb_name='build', build_base='build', install_base='install', merge_install=False, symlink_install=False, test_result_base=None, continue_on_error=False, executor='parallel', parallel_workers=2, event_handlers=None, ignore_user_meta=False, metas=['./colcon.meta'], base_paths=['.'], packages_ignore=None, packages_ignore_regex=None, paths=None, packages_up_to=None, packages_up_to_regex=None, packages_above=None, packages_above_and_dependencies=None, packages_above_depth=None, packages_select_by_dep=None, packages_skip_by_dep=None, packages_skip_up_to=None, packages_select_build_failed=False, packages_skip_build_finished=False, packages_select_test_failures=False, packages_skip_test_passed=False, packages_select=None, packages_skip=None, packages_select_regex=None, packages_skip_regex=None, packages_start=None, packages_end=None, allow_overriding=[], cmake_args=None, cmake_target=None, cmake_target_skip_unavailable=False, cmake_clean_cache=False, cmake_clean_first=False, cmake_force_configure=False, ament_cmake_args=None, catkin_cmake_args=None, catkin_skip_building_tests=False, mixin_files=None, mixin=None, verb_parser=<colcon_mixin.mixin.mixin_argument.MixinArgumentDecorator object at 0x7a58780e6d20>, verb_extension=<colcon_core.verb.build.BuildVerb object at 0x7a58780c2b10>, main=<bound method BuildVerb.main of <colcon_core.verb.build.BuildVerb object at 0x7a58780c2b10>>, mixin_verb=('build',))
[0.636s] Level 1:colcon.colcon_core.package_discovery:discover_packages(colcon_meta) check parameters
[0.636s] Level 1:colcon.colcon_core.package_discovery:discover_packages(recursive) check parameters
[0.636s] Level 1:colcon.colcon_core.package_discovery:discover_packages(ignore) check parameters
[0.636s] Level 1:colcon.colcon_core.package_discovery:discover_packages(path) check parameters
[0.637s] Level 1:colcon.colcon_core.package_discovery:discover_packages(colcon_meta) discover
[0.637s] Level 1:colcon.colcon_core.package_discovery:discover_packages(recursive) discover
[0.637s] INFO:colcon.colcon_core.package_discovery:Crawling recursively for packages in '/home/varshini/ros2_ws'
[0.638s] Level 1:colcon.colcon_core.package_identification:_identify(.) by extensions ['ignore', 'ignore_ament_install']
[0.639s] Level 1:colcon.colcon_core.package_identification:_identify(.) by extension 'ignore'
[0.639s] Level 1:colcon.colcon_core.package_identification:_identify(.) by extension 'ignore_ament_install'
[0.639s] Level 1:colcon.colcon_core.package_identification:_identify(.) by extensions ['colcon_pkg']
[0.639s] Level 1:colcon.colcon_core.package_identification:_identify(.) by extension 'colcon_pkg'
[0.640s] Level 1:colcon.colcon_core.package_identification:_identify(.) by extensions ['colcon_meta']
[0.640s] Level 1:colcon.colcon_core.package_identification:_identify(.) by extension 'colcon_meta'
[0.640s] Level 1:colcon.colcon_core.package_identification:_identify(.) by extensions ['ros']
[0.640s] Level 1:colcon.colcon_core.package_identification:_identify(.) by extension 'ros'
[0.731s] Level 1:colcon.colcon_core.package_identification:_identify(.) by extensions ['cmake', 'python']
[0.731s] Level 1:colcon.colcon_core.package_identification:_identify(.) by extension 'cmake'
[0.731s] Level 1:colcon.colcon_core.package_identification:_identify(.) by extension 'python'
[0.732s] Level 1:colcon.colcon_core.package_identification:_identify(.) by extensions ['python_setup_py']
[0.732s] Level 1:colcon.colcon_core.package_identification:_identify(.) by extension 'python_setup_py'
[0.732s] Level 1:colcon.colcon_core.package_identification:_identify(build) by extensions ['ignore', 'ignore_ament_install']
[0.732s] Level 1:colcon.colcon_core.package_identification:_identify(build) by extension 'ignore'
[0.732s] Level 1:colcon.colcon_core.package_identification:_identify(build) ignored
[0.733s] Level 1:colcon.colcon_core.package_identification:_identify(install) by extensions ['ignore', 'ignore_ament_install']
[0.733s] Level 1:colcon.colcon_core.package_identification:_identify(install) by extension 'ignore'
[0.733s] Level 1:colcon.colcon_core.package_identification:_identify(install) ignored
[0.734s] Level 1:colcon.colcon_core.package_identification:_identify(log) by extensions ['ignore', 'ignore_ament_install']
[0.734s] Level 1:colcon.colcon_core.package_identification:_identify(log) by extension 'ignore'
[0.734s] Level 1:colcon.colcon_core.package_identification:_identify(log) ignored
[0.734s] Level 1:colcon.colcon_core.package_identification:_identify(src) by extensions ['ignore', 'ignore_ament_install']
[0.735s] Level 1:colcon.colcon_core.package_identification:_identify(src) by extension 'ignore'
[0.735s] Level 1:colcon.colcon_core.package_identification:_identify(src) by extension 'ignore_ament_install'
[0.735s] Level 1:colcon.colcon_core.package_identification:_identify(src) by extensions ['colcon_pkg']
[0.735s] Level 1:colcon.colcon_core.package_identification:_identify(src) by extension 'colcon_pkg'
[0.735s] Level 1:colcon.colcon_core.package_identification:_identify(src) by extensions ['colcon_meta']
[0.736s] Level 1:colcon.colcon_core.package_identification:_identify(src) by extension 'colcon_meta'
[0.736s] Level 1:colcon.colcon_core.package_identification:_identify(src) by extensions ['ros']
[0.736s] Level 1:colcon.colcon_core.package_identification:_identify(src) by extension 'ros'
[0.736s] Level 1:colcon.colcon_core.package_identification:_identify(src) by extensions ['cmake', 'python']
[0.736s] Level 1:colcon.colcon_core.package_identification:_identify(src) by extension 'cmake'
[0.736s] Level 1:colcon.colcon_core.package_identification:_identify(src) by extension 'python'
[0.737s] Level 1:colcon.colcon_core.package_identification:_identify(src) by extensions ['python_setup_py']
[0.737s] Level 1:colcon.colcon_core.package_identification:_identify(src) by extension 'python_setup_py'
[0.737s] Level 1:colcon.colcon_core.package_identification:_identify(src/ros2_parameters) by extensions ['ignore', 'ignore_ament_install']
[0.737s] Level 1:colcon.colcon_core.package_identification:_identify(src/ros2_parameters) by extension 'ignore'
[0.738s] Level 1:colcon.colcon_core.package_identification:_identify(src/ros2_parameters) by extension 'ignore_ament_install'
[0.738s] Level 1:colcon.colcon_core.package_identification:_identify(src/ros2_parameters) by extensions ['colcon_pkg']
[0.738s] Level 1:colcon.colcon_core.package_identification:_identify(src/ros2_parameters) by extension 'colcon_pkg'
[0.738s] Level 1:colcon.colcon_core.package_identification:_identify(src/ros2_parameters) by extensions ['colcon_meta']
[0.738s] Level 1:colcon.colcon_core.package_identification:_identify(src/ros2_parameters) by extension 'colcon_meta'
[0.738s] Level 1:colcon.colcon_core.package_identification:_identify(src/ros2_parameters) by extensions ['ros']
[0.739s] Level 1:colcon.colcon_core.package_identification:_identify(src/ros2_parameters) by extension 'ros'
[0.754s] DEBUG:colcon.colcon_core.package_identification:Package 'src/ros2_parameters' with type 'ros.ament_cmake' and name 'ros2_parameters'
[0.755s] Level 1:colcon.colcon_core.package_discovery:discover_packages(recursive) using defaults
[0.755s] Level 1:colcon.colcon_core.package_discovery:discover_packages(ignore) discover
[0.755s] Level 1:colcon.colcon_core.package_discovery:discover_packages(ignore) using defaults
[0.755s] Level 1:colcon.colcon_core.package_discovery:discover_packages(path) discover
[0.755s] Level 1:colcon.colcon_core.package_discovery:discover_packages(path) using defaults
[0.815s] Level 1:colcon.colcon_core.package_discovery:discover_packages(prefix_path) check parameters
[0.815s] Level 1:colcon.colcon_core.package_discovery:discover_packages(prefix_path) discover
[0.819s] WARNING:colcon.colcon_ros.prefix_path.ament:The path '/home/varshini/ros2_ws/install/ros2_parameters' in the environment variable AMENT_PREFIX_PATH doesn't exist
[0.820s] WARNING:colcon.colcon_ros.prefix_path.catkin:The path '/home/varshini/ros2_ws/install/ros2_parameters' in the environment variable CMAKE_PREFIX_PATH doesn't exist
[0.823s] DEBUG:colcon.colcon_installed_package_information.package_discovery:Found 0 installed packages in /home/varshini/ros2_ws/install
[0.829s] DEBUG:colcon.colcon_installed_package_information.package_discovery:Found 330 installed packages in /opt/ros/jazzy
[0.834s] Level 1:colcon.colcon_core.package_discovery:discover_packages(prefix_path) using defaults
[1.057s] Level 5:colcon.colcon_core.verb:set package 'ros2_parameters' build argument 'cmake_args' from command line to 'None'
[1.057s] Level 5:colcon.colcon_core.verb:set package 'ros2_parameters' build argument 'cmake_target' from command line to 'None'
[1.057s] Level 5:colcon.colcon_core.verb:set package 'ros2_parameters' build argument 'cmake_target_skip_unavailable' from command line to 'False'
[1.057s] Level 5:colcon.colcon_core.verb:set package 'ros2_parameters' build argument 'cmake_clean_cache' from command line to 'False'
[1.057s] Level 5:colcon.colcon_core.verb:set package 'ros2_parameters' build argument 'cmake_clean_first' from command line to 'False'
[1.057s] Level 5:colcon.colcon_core.verb:set package 'ros2_parameters' build argument 'cmake_force_configure' from command line to 'False'
[1.057s] Level 5:colcon.colcon_core.verb:set package 'ros2_parameters' build argument 'ament_cmake_args' from command line to 'None'
[1.057s] Level 5:colcon.colcon_core.verb:set package 'ros2_parameters' build argument 'catkin_cmake_args' from command line to 'None'
[1.057s] Level 5:colcon.colcon_core.verb:set package 'ros2_parameters' build argument 'catkin_skip_building_tests' from command line to 'False'
[1.057s] DEBUG:colcon.colcon_core.verb:Building package 'ros2_parameters' with the following arguments: {'ament_cmake_args': None, 'build_base': '/home/varshini/ros2_ws/build/ros2_parameters', 'catkin_cmake_args': None, 'catkin_skip_building_tests': False, 'cmake_args': None, 'cmake_clean_cache': False, 'cmake_clean_first': False, 'cmake_force_configure': False, 'cmake_target': None, 'cmake_target_skip_unavailable': False, 'install_base': '/home/varshini/ros2_ws/install/ros2_parameters', 'merge_install': False, 'path': '/home/varshini/ros2_ws/src/ros2_parameters', 'symlink_install': False, 'test_result_base': None}
[1.058s] INFO:colcon.colcon_core.executor:Executing jobs using 'parallel' executor
[1.060s] DEBUG:colcon.colcon_parallel_executor.executor.parallel:run_until_complete
[1.061s] INFO:colcon.colcon_ros.task.ament_cmake.build:Building ROS package in '/home/varshini/ros2_ws/src/ros2_parameters' with build type 'ament_cmake'
[1.062s] INFO:colcon.colcon_cmake.task.cmake.build:Building CMake package in '/home/varshini/ros2_ws/src/ros2_parameters'
[1.070s] INFO:colcon.colcon_core.plugin_system:Skipping extension 'colcon_core.shell.bat': Not used on non-Windows systems
[1.071s] INFO:colcon.colcon_core.shell:Skip shell extension 'powershell' for command environment: Not usable outside of PowerShell
[1.072s] DEBUG:colcon.colcon_core.shell:Skip shell extension 'dsv' for command environment
[1.106s] DEBUG:colcon.colcon_core.event_handler.log_command:Invoking command in '/home/varshini/ros2_ws/build/ros2_parameters': CMAKE_PREFIX_PATH=${CMAKE_PREFIX_PATH}:/opt/ros/jazzy /usr/bin/cmake /home/varshini/ros2_ws/src/ros2_parameters -DCMAKE_INSTALL_PREFIX=/home/varshini/ros2_ws/install/ros2_parameters
[6.201s] DEBUG:colcon.colcon_core.event_handler.log_command:Invoked command in '/home/varshini/ros2_ws/build/ros2_parameters' returned '0': CMAKE_PREFIX_PATH=${CMAKE_PREFIX_PATH}:/opt/ros/jazzy /usr/bin/cmake /home/varshini/ros2_ws/src/ros2_parameters -DCMAKE_INSTALL_PREFIX=/home/varshini/ros2_ws/install/ros2_parameters
[6.204s] DEBUG:colcon.colcon_core.event_handler.log_command:Invoking command in '/home/varshini/ros2_ws/build/ros2_parameters': CMAKE_PREFIX_PATH=${CMAKE_PREFIX_PATH}:/opt/ros/jazzy /usr/bin/cmake --build /home/varshini/ros2_ws/build/ros2_parameters -- -j2 -l2
[22.186s] DEBUG:colcon.colcon_core.event_handler.log_command:Invoked command in '/home/varshini/ros2_ws/build/ros2_parameters' returned '0': CMAKE_PREFIX_PATH=${CMAKE_PREFIX_PATH}:/opt/ros/jazzy /usr/bin/cmake --build /home/varshini/ros2_ws/build/ros2_parameters -- -j2 -l2
[22.223s] DEBUG:colcon.colcon_core.event_handler.log_command:Invoking command in '/home/varshini/ros2_ws/build/ros2_parameters': CMAKE_PREFIX_PATH=${CMAKE_PREFIX_PATH}:/opt/ros/jazzy /usr/bin/cmake --install /home/varshini/ros2_ws/build/ros2_parameters
[22.261s] Level 1:colcon.colcon_core.environment:create_environment_scripts_only(ros2_parameters)
[22.263s] DEBUG:colcon.colcon_core.event_handler.log_command:Invoked command in '/home/varshini/ros2_ws/build/ros2_parameters' returned '0': CMAKE_PREFIX_PATH=${CMAKE_PREFIX_PATH}:/opt/ros/jazzy /usr/bin/cmake --install /home/varshini/ros2_ws/build/ros2_parameters
[22.272s] Level 1:colcon.colcon_core.environment:checking '/home/varshini/ros2_ws/install/ros2_parameters' for CMake module files
[22.274s] Level 1:colcon.colcon_core.environment:checking '/home/varshini/ros2_ws/install/ros2_parameters' for CMake config files
[22.275s] Level 1:colcon.colcon_core.shell:create_environment_hook('ros2_parameters', 'cmake_prefix_path')
[22.276s] INFO:colcon.colcon_core.shell:Creating environment hook '/home/varshini/ros2_ws/install/ros2_parameters/share/ros2_parameters/hook/cmake_prefix_path.ps1'
[22.279s] INFO:colcon.colcon_core.shell:Creating environment descriptor '/home/varshini/ros2_ws/install/ros2_parameters/share/ros2_parameters/hook/cmake_prefix_path.dsv'
[22.280s] INFO:colcon.colcon_core.shell:Creating environment hook '/home/varshini/ros2_ws/install/ros2_parameters/share/ros2_parameters/hook/cmake_prefix_path.sh'
[22.283s] Level 1:colcon.colcon_core.environment:checking '/home/varshini/ros2_ws/install/ros2_parameters/lib'
[22.284s] Level 1:colcon.colcon_core.environment:checking '/home/varshini/ros2_ws/install/ros2_parameters/bin'
[22.284s] Level 1:colcon.colcon_core.environment:checking '/home/varshini/ros2_ws/install/ros2_parameters/lib/pkgconfig/ros2_parameters.pc'
[22.285s] Level 1:colcon.colcon_core.environment:checking '/home/varshini/ros2_ws/install/ros2_parameters/lib/python3.12/site-packages'
[22.286s] Level 1:colcon.colcon_core.environment:checking '/home/varshini/ros2_ws/install/ros2_parameters/bin'
[22.287s] INFO:colcon.colcon_core.shell:Creating package script '/home/varshini/ros2_ws/install/ros2_parameters/share/ros2_parameters/package.ps1'
[22.290s] INFO:colcon.colcon_core.shell:Creating package descriptor '/home/varshini/ros2_ws/install/ros2_parameters/share/ros2_parameters/package.dsv'
[22.292s] INFO:colcon.colcon_core.shell:Creating package script '/home/varshini/ros2_ws/install/ros2_parameters/share/ros2_parameters/package.sh'
[22.295s] INFO:colcon.colcon_core.shell:Creating package script '/home/varshini/ros2_ws/install/ros2_parameters/share/ros2_parameters/package.bash'
[22.297s] INFO:colcon.colcon_core.shell:Creating package script '/home/varshini/ros2_ws/install/ros2_parameters/share/ros2_parameters/package.zsh'
[22.299s] Level 1:colcon.colcon_core.environment:create_file_with_runtime_dependencies(/home/varshini/ros2_ws/install/ros2_parameters/share/colcon-core/packages/ros2_parameters)
[22.301s] Level 1:colcon.colcon_core.environment:create_environment_scripts_only(ros2_parameters)
[22.302s] Level 1:colcon.colcon_core.environment:checking '/home/varshini/ros2_ws/install/ros2_parameters' for CMake module files
[22.303s] Level 1:colcon.colcon_core.environment:checking '/home/varshini/ros2_ws/install/ros2_parameters' for CMake config files
[22.304s] Level 1:colcon.colcon_core.shell:create_environment_hook('ros2_parameters', 'cmake_prefix_path')
[22.304s] INFO:colcon.colcon_core.shell:Creating environment hook '/home/varshini/ros2_ws/install/ros2_parameters/share/ros2_parameters/hook/cmake_prefix_path.ps1'
[22.305s] INFO:colcon.colcon_core.shell:Creating environment descriptor '/home/varshini/ros2_ws/install/ros2_parameters/share/ros2_parameters/hook/cmake_prefix_path.dsv'
[22.307s] INFO:colcon.colcon_core.shell:Creating environment hook '/home/varshini/ros2_ws/install/ros2_parameters/share/ros2_parameters/hook/cmake_prefix_path.sh'
[22.308s] Level 1:colcon.colcon_core.environment:checking '/home/varshini/ros2_ws/install/ros2_parameters/lib'
[22.309s] Level 1:colcon.colcon_core.environment:checking '/home/varshini/ros2_ws/install/ros2_parameters/bin'
[22.309s] Level 1:colcon.colcon_core.environment:checking '/home/varshini/ros2_ws/install/ros2_parameters/lib/pkgconfig/ros2_parameters.pc'
[22.310s] Level 1:colcon.colcon_core.environment:checking '/home/varshini/ros2_ws/install/ros2_parameters/lib/python3.12/site-packages'
[22.311s] Level 1:colcon.colcon_core.environment:checking '/home/varshini/ros2_ws/install/ros2_parameters/bin'
[22.311s] INFO:colcon.colcon_core.shell:Creating package script '/home/varshini/ros2_ws/install/ros2_parameters/share/ros2_parameters/package.ps1'
[22.313s] INFO:colcon.colcon_core.shell:Creating package descriptor '/home/varshini/ros2_ws/install/ros2_parameters/share/ros2_parameters/package.dsv'
[22.315s] INFO:colcon.colcon_core.shell:Creating package script '/home/varshini/ros2_ws/install/ros2_parameters/share/ros2_parameters/package.sh'
[22.318s] INFO:colcon.colcon_core.shell:Creating package script '/home/varshini/ros2_ws/install/ros2_parameters/share/ros2_parameters/package.bash'
[22.319s] INFO:colcon.colcon_core.shell:Creating package script '/home/varshini/ros2_ws/install/ros2_parameters/share/ros2_parameters/package.zsh'
[22.321s] Level 1:colcon.colcon_core.environment:create_file_with_runtime_dependencies(/home/varshini/ros2_ws/install/ros2_parameters/share/colcon-core/packages/ros2_parameters)
[22.322s] DEBUG:colcon.colcon_parallel_executor.executor.parallel:closing loop
[22.323s] DEBUG:colcon.colcon_parallel_executor.executor.parallel:loop closed
[22.323s] DEBUG:colcon.colcon_parallel_executor.executor.parallel:run_until_complete finished with '0'
[22.324s] DEBUG:colcon.colcon_core.event_reactor:joining thread
[22.348s] INFO:colcon.colcon_core.plugin_system:Skipping extension 'colcon_notification.desktop_notification.terminal_notifier': Not used on non-Darwin systems
[22.348s] INFO:colcon.colcon_core.plugin_system:Skipping extension 'colcon_notification.desktop_notification.win32': Not used on non-Windows systems
[22.349s] INFO:colcon.colcon_notification.desktop_notification:Sending desktop notification using 'notify2'
[22.397s] DEBUG:colcon.colcon_core.event_reactor:joined thread
[22.398s] INFO:colcon.colcon_core.shell:Creating prefix script '/home/varshini/ros2_ws/install/local_setup.ps1'
[22.404s] INFO:colcon.colcon_core.shell:Creating prefix util module '/home/varshini/ros2_ws/install/_local_setup_util_ps1.py'
[22.411s] INFO:colcon.colcon_core.shell:Creating prefix chain script '/home/varshini/ros2_ws/install/setup.ps1'
[22.416s] INFO:colcon.colcon_core.shell:Creating prefix script '/home/varshini/ros2_ws/install/local_setup.sh'
[22.418s] INFO:colcon.colcon_core.shell:Creating prefix util module '/home/varshini/ros2_ws/install/_local_setup_util_sh.py'
[22.420s] INFO:colcon.colcon_core.shell:Creating prefix chain script '/home/varshini/ros2_ws/install/setup.sh'
[22.423s] INFO:colcon.colcon_core.shell:Creating prefix script '/home/varshini/ros2_ws/install/local_setup.bash'
[22.424s] INFO:colcon.colcon_core.shell:Creating prefix chain script '/home/varshini/ros2_ws/install/setup.bash'
[22.427s] INFO:colcon.colcon_core.shell:Creating prefix script '/home/varshini/ros2_ws/install/local_setup.zsh'
[22.429s] INFO:colcon.colcon_core.shell:Creating prefix chain script '/home/varshini/ros2_ws/install/setup.zsh'
