[0.042s] Invoking command in '/home/varshini/ros2_ws/build/ros2_parameters': CMAKE_PREFIX_PATH=${CMAKE_PREFIX_PATH}:/opt/ros/jazzy /usr/bin/cmake /home/varshini/ros2_ws/src/ros2_parameters -DCMAKE_INSTALL_PREFIX=/home/varshini/ros2_ws/install/ros2_parameters
[0.369s] -- The C compiler identification is GNU 13.3.0
[0.612s] -- The CXX compiler identification is GNU 13.3.0
[0.666s] -- Detecting C compiler ABI info
[1.074s] -- Detecting C compiler ABI info - done
[1.115s] -- Check for working C compiler: /usr/bin/cc - skipped
[1.119s] -- Detecting C compile features
[1.120s] -- Detecting C compile features - done
[1.159s] -- Detecting CXX compiler ABI info
[1.476s] -- Detecting CXX compiler ABI info - done
[1.518s] -- Check for working CXX compiler: /usr/bin/c++ - skipped
[1.519s] -- Detecting CXX compile features
[1.520s] -- Detecting CXX compile features - done
[1.546s] -- Found ament_cmake: 2.5.4 (/opt/ros/jazzy/share/ament_cmake/cmake)
[2.107s] -- Found Python3: /usr/bin/python3 (found version "3.12.3") found components: Interpreter 
[2.583s] -- Found rclcpp: 28.1.13 (/opt/ros/jazzy/share/rclcpp/cmake)
[2.885s] -- Found rosidl_generator_c: 4.6.6 (/opt/ros/jazzy/share/rosidl_generator_c/cmake)
[2.954s] -- Found rosidl_generator_cpp: 4.6.6 (/opt/ros/jazzy/share/rosidl_generator_cpp/cmake)
[3.061s] -- Using all available rosidl_typesupport_c: rosidl_typesupport_fastrtps_c;rosidl_typesupport_introspection_c
[3.164s] -- Using all available rosidl_typesupport_cpp: rosidl_typesupport_fastrtps_cpp;rosidl_typesupport_introspection_cpp
[3.615s] -- Found rmw_implementation_cmake: 7.3.2 (/opt/ros/jazzy/share/rmw_implementation_cmake/cmake)
[3.630s] -- Found rmw_fastrtps_cpp: 8.4.3 (/opt/ros/jazzy/share/rmw_fastrtps_cpp/cmake)
[3.964s] -- Found OpenSSL: /usr/lib/x86_64-linux-gnu/libcrypto.so (found version "3.0.13")  
[4.095s] -- Found FastRTPS: /opt/ros/jazzy/include (Required is at least version "2.13") 
[4.176s] -- Using RMW implementation 'rmw_fastrtps_cpp' as default
[4.575s] -- Found ament_lint_auto: 0.17.3 (/opt/ros/jazzy/share/ament_lint_auto/cmake)
[5.024s] -- Added test 'cppcheck' to perform static code analysis on C / C++ code
[5.025s] -- Configured cppcheck include dirs: 
[5.026s] -- Configured cppcheck exclude dirs and/or files: 
[5.030s] -- Added test 'lint_cmake' to check CMake code style
[5.038s] -- Added test 'uncrustify' to check C / C++ code style
[5.038s] -- Configured uncrustify additional arguments: 
[5.042s] -- Added test 'xmllint' to check XML markup files
[5.046s] -- Configuring done (5.0s)
[5.093s] -- Generating done (0.0s)
[5.108s] -- Build files have been written to: /home/varshini/ros2_ws/build/ros2_parameters
[5.138s] Invoked command in '/home/varshini/ros2_ws/build/ros2_parameters' returned '0': CMAKE_PREFIX_PATH=${CMAKE_PREFIX_PATH}:/opt/ros/jazzy /usr/bin/cmake /home/varshini/ros2_ws/src/ros2_parameters -DCMAKE_INSTALL_PREFIX=/home/varshini/ros2_ws/install/ros2_parameters
[5.141s] Invoking command in '/home/varshini/ros2_ws/build/ros2_parameters': CMAKE_PREFIX_PATH=${CMAKE_PREFIX_PATH}:/opt/ros/jazzy /usr/bin/cmake --build /home/varshini/ros2_ws/build/ros2_parameters -- -j2 -l2
[5.302s] [ 50%] [32mBuilding CXX object CMakeFiles/param_node.dir/src/param_node.cpp.o[0m
[19.969s] [100%] [32m[1mLinking CXX executable param_node[0m
[21.087s] [100%] Built target param_node
[21.123s] Invoked command in '/home/varshini/ros2_ws/build/ros2_parameters' returned '0': CMAKE_PREFIX_PATH=${CMAKE_PREFIX_PATH}:/opt/ros/jazzy /usr/bin/cmake --build /home/varshini/ros2_ws/build/ros2_parameters -- -j2 -l2
[21.159s] Invoking command in '/home/varshini/ros2_ws/build/ros2_parameters': CMAKE_PREFIX_PATH=${CMAKE_PREFIX_PATH}:/opt/ros/jazzy /usr/bin/cmake --install /home/varshini/ros2_ws/build/ros2_parameters
[21.183s] -- Install configuration: ""
[21.183s] -- Installing: /home/varshini/ros2_ws/install/ros2_parameters/lib/ros2_parameters/param_node
[21.185s] -- Set non-toolchain portion of runtime path of "/home/varshini/ros2_ws/install/ros2_parameters/lib/ros2_parameters/param_node" to ""
[21.186s] -- Installing: /home/varshini/ros2_ws/install/ros2_parameters/share/ament_index/resource_index/package_run_dependencies/ros2_parameters
[21.186s] -- Installing: /home/varshini/ros2_ws/install/ros2_parameters/share/ament_index/resource_index/parent_prefix_path/ros2_parameters
[21.187s] -- Installing: /home/varshini/ros2_ws/install/ros2_parameters/share/ros2_parameters/environment/ament_prefix_path.sh
[21.188s] -- Installing: /home/varshini/ros2_ws/install/ros2_parameters/share/ros2_parameters/environment/ament_prefix_path.dsv
[21.188s] -- Installing: /home/varshini/ros2_ws/install/ros2_parameters/share/ros2_parameters/environment/path.sh
[21.189s] -- Installing: /home/varshini/ros2_ws/install/ros2_parameters/share/ros2_parameters/environment/path.dsv
[21.189s] -- Installing: /home/varshini/ros2_ws/install/ros2_parameters/share/ros2_parameters/local_setup.bash
[21.190s] -- Installing: /home/varshini/ros2_ws/install/ros2_parameters/share/ros2_parameters/local_setup.sh
[21.190s] -- Installing: /home/varshini/ros2_ws/install/ros2_parameters/share/ros2_parameters/local_setup.zsh
[21.191s] -- Installing: /home/varshini/ros2_ws/install/ros2_parameters/share/ros2_parameters/local_setup.dsv
[21.191s] -- Installing: /home/varshini/ros2_ws/install/ros2_parameters/share/ros2_parameters/package.dsv
[21.191s] -- Installing: /home/varshini/ros2_ws/install/ros2_parameters/share/ament_index/resource_index/packages/ros2_parameters
[21.192s] -- Installing: /home/varshini/ros2_ws/install/ros2_parameters/share/ros2_parameters/cmake/ros2_parametersConfig.cmake
[21.193s] -- Installing: /home/varshini/ros2_ws/install/ros2_parameters/share/ros2_parameters/cmake/ros2_parametersConfig-version.cmake
[21.193s] -- Installing: /home/varshini/ros2_ws/install/ros2_parameters/share/ros2_parameters/package.xml
[21.199s] Invoked command in '/home/varshini/ros2_ws/build/ros2_parameters' returned '0': CMAKE_PREFIX_PATH=${CMAKE_PREFIX_PATH}:/opt/ros/jazzy /usr/bin/cmake --install /home/varshini/ros2_ws/build/ros2_parameters
